********************************************************************************
DUPLICATOR-LITE PACKAGE-LOG: 8 February 2023 16h06
NOTICE: Do NOT post to public sites or forums 
********************************************************************************
VERSION:	1.5.2.1
WORDPRESS:	6.1.1
PHP INFO:	8.1.0 | SAPI: apache2handler
SERVER:		Apache/2.4.33 (Win64) OpenSSL/1.0.2u mod_fcgid/2.3.9 PHP/8.1.0 
PHP TIME LIMIT: (0) no time limit imposed 
PHP MAX MEMORY: 4294967296 (128M default) 
MEMORY STACK: 8MB

********************************************************************************
DATABASE:
********************************************************************************
BUILD MODE:   PHP(query limit - 100)
MYSQLTIMEOUT: 5000
MYSQLDUMP:    Not Supported
TABLES: total:13 | filtered:0 | create:13
FILTERED: []
SQL CREATED: 20230208_nationsounds_bb4158e0a8b2b4794694_20230208160609_database.sql
SQL FILE SIZE: 1.16MB (1219969)
SQL FILE TIME: 2023-02-08 16:06:37
SQL RUNTIME: 1.38 sec.

********************************************************************************
ARCHIVE (ZIP):
********************************************************************************
ARCHIVE DIR:  C:/Users/Alex/Desktop/NationSounds/NationSounds-wp
ARCHIVE FILE: 20230208_nationsounds_bb4158e0a8b2b4794694_20230208160609_archive.zip
FILTERS: *OFF*
DIRS:
	not set
FILES:
	not set
EXTS:  not set
----------------------------------------
COMPRESSING
SIZE:	106.91MB
STATS:	Dirs 892 | Files 7,655
SQL ADDED: 20230208_nationsounds_bb4158e0a8b2b4794694_20230208160609_database.sql
ZipArchive Object
(
    [lastId] => 8546
    [status] => 0
    [statusSys] => 0
    [numFiles] => 8547
    [filename] => C:\Users\Alex\Desktop\NationSounds\NationSounds-wp\wp-content\backups-dup-lite\tmp\20230208_nationsounds_bb4158e0a8b2b4794694_20230208160609_archive.zip
    [comment] => 
)

FILE ADDED TO ZIP: 8546
COMPRESSION RESULT: '1'
COMPRESSED SIZE: 56.63MB
ARCHIVE RUNTIME: 16.55 sec.
MEMORY STACK: 10MB
building installer
ARCHIVE CONSISTENCY TEST: PASS

********************************************************************************
INTEGRITY CHECKS:
********************************************************************************
SQL FILE: 1.16MB
INSTALLER FILE: 73.35KB
ARCHIVE FILE: 58.63MB 
EXPECTED FILE/DIRECTORY COUNT: 8,547
ACTUAL FILE/DIRECTORY COUNT: 8,546
ARCHIVE CONSISTENCY TEST: Pass

********************************************************************************
RECORD ID:[1]
TOTAL PROCESS RUNTIME: 21.52 sec.
PEAK PHP MEMORY USED: 12MB
DONE PROCESSING => 20230208_nationsounds 8 February 2023 16h06

